C:\USERS\ROA\PROYECTO GRAFICAS\PLANTILLAOPENGL01\PLANTILLAOPENGL01\DEBUG\MAIN.OBJ
C:\USERS\ROA\PROYECTO GRAFICAS\PLANTILLAOPENGL01\PLANTILLAOPENGL01\DEBUG\VC110.PDB
C:\USERS\ROA\PROYECTO GRAFICAS\PLANTILLAOPENGL01\DEBUG\PLANTILLAOPENGL01.ILK
C:\USERS\ROA\PROYECTO GRAFICAS\PLANTILLAOPENGL01\DEBUG\PLANTILLAOPENGL01.EXE
C:\USERS\ROA\PROYECTO GRAFICAS\PLANTILLAOPENGL01\DEBUG\PLANTILLAOPENGL01.PDB
C:\Users\Roa\Proyecto Graficas\PlantillaOpenGL01\PlantillaOpenGL01\Debug\main.obj
C:\Users\Roa\Proyecto Graficas\PlantillaOpenGL01\PlantillaOpenGL01\Debug\cl.command.1.tlog
C:\Users\Roa\Proyecto Graficas\PlantillaOpenGL01\PlantillaOpenGL01\Debug\CL.read.1.tlog
C:\Users\Roa\Proyecto Graficas\PlantillaOpenGL01\PlantillaOpenGL01\Debug\CL.write.1.tlog
C:\Users\Roa\Proyecto Graficas\PlantillaOpenGL01\PlantillaOpenGL01\Debug\link-cvtres.read.1.tlog
C:\Users\Roa\Proyecto Graficas\PlantillaOpenGL01\PlantillaOpenGL01\Debug\link-cvtres.write.1.tlog
C:\Users\Roa\Proyecto Graficas\PlantillaOpenGL01\PlantillaOpenGL01\Debug\link-rc.read.1.tlog
C:\Users\Roa\Proyecto Graficas\PlantillaOpenGL01\PlantillaOpenGL01\Debug\link-rc.write.1.tlog
C:\Users\Roa\Proyecto Graficas\PlantillaOpenGL01\PlantillaOpenGL01\Debug\link.1940-cvtres.read.1.tlog
C:\Users\Roa\Proyecto Graficas\PlantillaOpenGL01\PlantillaOpenGL01\Debug\link.1940-cvtres.write.1.tlog
C:\Users\Roa\Proyecto Graficas\PlantillaOpenGL01\PlantillaOpenGL01\Debug\link.1940-rc.read.1.tlog
C:\Users\Roa\Proyecto Graficas\PlantillaOpenGL01\PlantillaOpenGL01\Debug\link.1940-rc.write.1.tlog
C:\Users\Roa\Proyecto Graficas\PlantillaOpenGL01\PlantillaOpenGL01\Debug\link.1940.read.1.tlog
C:\Users\Roa\Proyecto Graficas\PlantillaOpenGL01\PlantillaOpenGL01\Debug\link.1940.write.1.tlog
C:\Users\Roa\Proyecto Graficas\PlantillaOpenGL01\PlantillaOpenGL01\Debug\link.2344-cvtres.read.1.tlog
C:\Users\Roa\Proyecto Graficas\PlantillaOpenGL01\PlantillaOpenGL01\Debug\link.2344-cvtres.write.1.tlog
C:\Users\Roa\Proyecto Graficas\PlantillaOpenGL01\PlantillaOpenGL01\Debug\link.2344-rc.read.1.tlog
C:\Users\Roa\Proyecto Graficas\PlantillaOpenGL01\PlantillaOpenGL01\Debug\link.2344-rc.write.1.tlog
C:\Users\Roa\Proyecto Graficas\PlantillaOpenGL01\PlantillaOpenGL01\Debug\link.2344.read.1.tlog
C:\Users\Roa\Proyecto Graficas\PlantillaOpenGL01\PlantillaOpenGL01\Debug\link.2344.write.1.tlog
C:\Users\Roa\Proyecto Graficas\PlantillaOpenGL01\PlantillaOpenGL01\Debug\link.2608-cvtres.read.1.tlog
C:\Users\Roa\Proyecto Graficas\PlantillaOpenGL01\PlantillaOpenGL01\Debug\link.2608-cvtres.write.1.tlog
C:\Users\Roa\Proyecto Graficas\PlantillaOpenGL01\PlantillaOpenGL01\Debug\link.2608-rc.read.1.tlog
C:\Users\Roa\Proyecto Graficas\PlantillaOpenGL01\PlantillaOpenGL01\Debug\link.2608-rc.write.1.tlog
C:\Users\Roa\Proyecto Graficas\PlantillaOpenGL01\PlantillaOpenGL01\Debug\link.2608.read.1.tlog
C:\Users\Roa\Proyecto Graficas\PlantillaOpenGL01\PlantillaOpenGL01\Debug\link.2608.write.1.tlog
C:\Users\Roa\Proyecto Graficas\PlantillaOpenGL01\PlantillaOpenGL01\Debug\link.2620-cvtres.read.1.tlog
C:\Users\Roa\Proyecto Graficas\PlantillaOpenGL01\PlantillaOpenGL01\Debug\link.2620-cvtres.write.1.tlog
C:\Users\Roa\Proyecto Graficas\PlantillaOpenGL01\PlantillaOpenGL01\Debug\link.2620-rc.read.1.tlog
C:\Users\Roa\Proyecto Graficas\PlantillaOpenGL01\PlantillaOpenGL01\Debug\link.2620-rc.write.1.tlog
C:\Users\Roa\Proyecto Graficas\PlantillaOpenGL01\PlantillaOpenGL01\Debug\link.2620.read.1.tlog
C:\Users\Roa\Proyecto Graficas\PlantillaOpenGL01\PlantillaOpenGL01\Debug\link.2620.write.1.tlog
C:\Users\Roa\Proyecto Graficas\PlantillaOpenGL01\PlantillaOpenGL01\Debug\link.304-cvtres.read.1.tlog
C:\Users\Roa\Proyecto Graficas\PlantillaOpenGL01\PlantillaOpenGL01\Debug\link.304-cvtres.write.1.tlog
C:\Users\Roa\Proyecto Graficas\PlantillaOpenGL01\PlantillaOpenGL01\Debug\link.304-rc.read.1.tlog
C:\Users\Roa\Proyecto Graficas\PlantillaOpenGL01\PlantillaOpenGL01\Debug\link.304-rc.write.1.tlog
C:\Users\Roa\Proyecto Graficas\PlantillaOpenGL01\PlantillaOpenGL01\Debug\link.304.read.1.tlog
C:\Users\Roa\Proyecto Graficas\PlantillaOpenGL01\PlantillaOpenGL01\Debug\link.304.write.1.tlog
C:\Users\Roa\Proyecto Graficas\PlantillaOpenGL01\PlantillaOpenGL01\Debug\link.3400-cvtres.read.1.tlog
C:\Users\Roa\Proyecto Graficas\PlantillaOpenGL01\PlantillaOpenGL01\Debug\link.3400-cvtres.write.1.tlog
C:\Users\Roa\Proyecto Graficas\PlantillaOpenGL01\PlantillaOpenGL01\Debug\link.3400-rc.read.1.tlog
C:\Users\Roa\Proyecto Graficas\PlantillaOpenGL01\PlantillaOpenGL01\Debug\link.3400-rc.write.1.tlog
C:\Users\Roa\Proyecto Graficas\PlantillaOpenGL01\PlantillaOpenGL01\Debug\link.3400.read.1.tlog
C:\Users\Roa\Proyecto Graficas\PlantillaOpenGL01\PlantillaOpenGL01\Debug\link.3400.write.1.tlog
C:\Users\Roa\Proyecto Graficas\PlantillaOpenGL01\PlantillaOpenGL01\Debug\link.3584-cvtres.read.1.tlog
C:\Users\Roa\Proyecto Graficas\PlantillaOpenGL01\PlantillaOpenGL01\Debug\link.3584-cvtres.write.1.tlog
C:\Users\Roa\Proyecto Graficas\PlantillaOpenGL01\PlantillaOpenGL01\Debug\link.3584-rc.read.1.tlog
C:\Users\Roa\Proyecto Graficas\PlantillaOpenGL01\PlantillaOpenGL01\Debug\link.3584-rc.write.1.tlog
C:\Users\Roa\Proyecto Graficas\PlantillaOpenGL01\PlantillaOpenGL01\Debug\link.3584.read.1.tlog
C:\Users\Roa\Proyecto Graficas\PlantillaOpenGL01\PlantillaOpenGL01\Debug\link.3584.write.1.tlog
C:\Users\Roa\Proyecto Graficas\PlantillaOpenGL01\PlantillaOpenGL01\Debug\link.3984-cvtres.read.1.tlog
C:\Users\Roa\Proyecto Graficas\PlantillaOpenGL01\PlantillaOpenGL01\Debug\link.3984-cvtres.write.1.tlog
C:\Users\Roa\Proyecto Graficas\PlantillaOpenGL01\PlantillaOpenGL01\Debug\link.3984-rc.read.1.tlog
C:\Users\Roa\Proyecto Graficas\PlantillaOpenGL01\PlantillaOpenGL01\Debug\link.3984-rc.write.1.tlog
C:\Users\Roa\Proyecto Graficas\PlantillaOpenGL01\PlantillaOpenGL01\Debug\link.3984.read.1.tlog
C:\Users\Roa\Proyecto Graficas\PlantillaOpenGL01\PlantillaOpenGL01\Debug\link.3984.write.1.tlog
C:\Users\Roa\Proyecto Graficas\PlantillaOpenGL01\PlantillaOpenGL01\Debug\link.4008-cvtres.read.1.tlog
C:\Users\Roa\Proyecto Graficas\PlantillaOpenGL01\PlantillaOpenGL01\Debug\link.4008-cvtres.write.1.tlog
C:\Users\Roa\Proyecto Graficas\PlantillaOpenGL01\PlantillaOpenGL01\Debug\link.4008-rc.read.1.tlog
C:\Users\Roa\Proyecto Graficas\PlantillaOpenGL01\PlantillaOpenGL01\Debug\link.4008-rc.write.1.tlog
C:\Users\Roa\Proyecto Graficas\PlantillaOpenGL01\PlantillaOpenGL01\Debug\link.4008.read.1.tlog
C:\Users\Roa\Proyecto Graficas\PlantillaOpenGL01\PlantillaOpenGL01\Debug\link.4008.write.1.tlog
C:\Users\Roa\Proyecto Graficas\PlantillaOpenGL01\PlantillaOpenGL01\Debug\link.command.1.tlog
C:\Users\Roa\Proyecto Graficas\PlantillaOpenGL01\PlantillaOpenGL01\Debug\link.read.1.tlog
C:\Users\Roa\Proyecto Graficas\PlantillaOpenGL01\PlantillaOpenGL01\Debug\link.write.1.tlog
C:\Users\Roa\Proyecto Graficas\PlantillaOpenGL01\PlantillaOpenGL01\Debug\vc110.idb
C:\Users\Roa\Proyecto Graficas\PlantillaOpenGL01\PlantillaOpenGL01\Debug\vc110.pdb
C:\Users\Roa\Proyecto Graficas\PlantillaOpenGL01\Debug\PlantillaOpenGL01.pdb
C:\Users\Roa\Proyecto Graficas\PlantillaOpenGL01\Debug\PlantillaOpenGL01.exe
C:\Users\Roa\Proyecto Graficas\PlantillaOpenGL01\Debug\PlantillaOpenGL01.ilk
