Build started 27/05/2016 12:06:07 a.m..
     1>Project "C:\Users\Roa\Proyecto Graficas\Proyecto3\PlantillaOpenGL01\PlantillaOpenGL01.vcxproj" on node 2 (Build target(s)).
     1>ClCompile:
         C:\Program Files (x86)\Microsoft Visual Studio 11.0\VC\bin\CL.exe /c /IC:\dev\opengl\freeglut\include /I"C:\dev\opengl\glew-1.7.0\include" /ZI /nologo /W3 /WX- /Od /Oy- /D WIN32 /D _DEBUG /D _CONSOLE /D _UNICODE /D UNICODE /Gm /EHsc /RTC1 /MDd /GS /fp:precise /Zc:wchar_t /Zc:forScope /Fo"Debug\\" /Fd"Debug\vc110.pdb" /Gd /TP /analyze- /errorReport:prompt main.cpp
         main.cpp
     1>c:\users\roa\proyecto graficas\proyecto3\plantillaopengl01\main.cpp(39): warning C4305: 'argumento' : truncamiento de 'double' a 'GLfloat'
     1>c:\users\roa\proyecto graficas\proyecto3\plantillaopengl01\main.cpp(39): warning C4244: 'argumento' : conversión de 'int' a 'GLfloat'; posible pérdida de datos
     1>c:\users\roa\proyecto graficas\proyecto3\plantillaopengl01\main.cpp(40): warning C4305: 'argumento' : truncamiento de 'double' a 'GLfloat'
     1>c:\users\roa\proyecto graficas\proyecto3\plantillaopengl01\main.cpp(40): warning C4244: 'argumento' : conversión de 'int' a 'GLfloat'; posible pérdida de datos
     1>c:\users\roa\proyecto graficas\proyecto3\plantillaopengl01\main.cpp(42): warning C4244: 'argumento' : conversión de 'int' a 'GLfloat'; posible pérdida de datos
     1>c:\users\roa\proyecto graficas\proyecto3\plantillaopengl01\main.cpp(42): warning C4305: 'argumento' : truncamiento de 'double' a 'GLfloat'
     1>c:\users\roa\proyecto graficas\proyecto3\plantillaopengl01\main.cpp(43): warning C4244: 'argumento' : conversión de 'int' a 'GLfloat'; posible pérdida de datos
     1>c:\users\roa\proyecto graficas\proyecto3\plantillaopengl01\main.cpp(43): warning C4305: 'argumento' : truncamiento de 'double' a 'GLfloat'
     1>c:\users\roa\proyecto graficas\proyecto3\plantillaopengl01\main.cpp(45): warning C4305: 'argumento' : truncamiento de 'double' a 'GLfloat'
     1>c:\users\roa\proyecto graficas\proyecto3\plantillaopengl01\main.cpp(45): warning C4244: 'argumento' : conversión de 'int' a 'GLfloat'; posible pérdida de datos
     1>c:\users\roa\proyecto graficas\proyecto3\plantillaopengl01\main.cpp(46): warning C4305: 'argumento' : truncamiento de 'double' a 'GLfloat'
     1>c:\users\roa\proyecto graficas\proyecto3\plantillaopengl01\main.cpp(46): warning C4244: 'argumento' : conversión de 'int' a 'GLfloat'; posible pérdida de datos
     1>c:\users\roa\proyecto graficas\proyecto3\plantillaopengl01\main.cpp(48): warning C4244: 'argumento' : conversión de 'int' a 'GLfloat'; posible pérdida de datos
     1>c:\users\roa\proyecto graficas\proyecto3\plantillaopengl01\main.cpp(48): warning C4305: 'argumento' : truncamiento de 'double' a 'GLfloat'
     1>c:\users\roa\proyecto graficas\proyecto3\plantillaopengl01\main.cpp(49): warning C4244: 'argumento' : conversión de 'int' a 'GLfloat'; posible pérdida de datos
     1>c:\users\roa\proyecto graficas\proyecto3\plantillaopengl01\main.cpp(49): warning C4305: 'argumento' : truncamiento de 'double' a 'GLfloat'
     1>c:\users\roa\proyecto graficas\proyecto3\plantillaopengl01\main.cpp(62): warning C4101: 'aspectratio' : variable local sin referencia
     1>c:\users\roa\proyecto graficas\proyecto3\plantillaopengl01\main.cpp(83): warning C4244: 'inicializando' : conversión de 'double' a 'float'; posible pérdida de datos
     1>c:\users\roa\proyecto graficas\proyecto3\plantillaopengl01\main.cpp(84): warning C4244: 'inicializando' : conversión de 'double' a 'float'; posible pérdida de datos
     1>c:\users\roa\proyecto graficas\proyecto3\plantillaopengl01\main.cpp(109): warning C4244: '=' : conversión de 'int' a 'float'; posible pérdida de datos
     1>c:\users\roa\proyecto graficas\proyecto3\plantillaopengl01\main.cpp(113): warning C4244: '=' : conversión de 'int' a 'float'; posible pérdida de datos
     1>c:\users\roa\proyecto graficas\proyecto3\plantillaopengl01\main.cpp(131): warning C4305: '-=' : truncamiento de 'double' a 'float'
     1>c:\users\roa\proyecto graficas\proyecto3\plantillaopengl01\main.cpp(132): warning C4305: '+=' : truncamiento de 'double' a 'float'
     1>c:\users\roa\proyecto graficas\proyecto3\plantillaopengl01\main.cpp(133): warning C4305: '-=' : truncamiento de 'double' a 'float'
     1>c:\users\roa\proyecto graficas\proyecto3\plantillaopengl01\main.cpp(134): warning C4305: '+=' : truncamiento de 'double' a 'float'
     1>c:\users\roa\proyecto graficas\proyecto3\plantillaopengl01\main.cpp(135): warning C4305: '-=' : truncamiento de 'double' a 'float'
     1>c:\users\roa\proyecto graficas\proyecto3\plantillaopengl01\main.cpp(136): warning C4305: '+=' : truncamiento de 'double' a 'float'
     1>c:\users\roa\proyecto graficas\proyecto3\plantillaopengl01\main.cpp(137): warning C4305: '-=' : truncamiento de 'double' a 'float'
     1>c:\users\roa\proyecto graficas\proyecto3\plantillaopengl01\main.cpp(138): warning C4305: '+=' : truncamiento de 'double' a 'float'
     1>c:\users\roa\proyecto graficas\proyecto3\plantillaopengl01\main.cpp(139): warning C4305: '-=' : truncamiento de 'double' a 'float'
     1>c:\users\roa\proyecto graficas\proyecto3\plantillaopengl01\main.cpp(140): warning C4305: '+=' : truncamiento de 'double' a 'float'
     1>c:\users\roa\proyecto graficas\proyecto3\plantillaopengl01\main.cpp(144): warning C4305: '-=' : truncamiento de 'double' a 'float'
     1>c:\users\roa\proyecto graficas\proyecto3\plantillaopengl01\main.cpp(145): warning C4305: '+=' : truncamiento de 'double' a 'float'
     1>c:\users\roa\proyecto graficas\proyecto3\plantillaopengl01\main.cpp(146): warning C4305: '-=' : truncamiento de 'double' a 'float'
     1>c:\users\roa\proyecto graficas\proyecto3\plantillaopengl01\main.cpp(147): warning C4305: '+=' : truncamiento de 'double' a 'float'
     1>c:\users\roa\proyecto graficas\proyecto3\plantillaopengl01\main.cpp(148): warning C4305: '-=' : truncamiento de 'double' a 'float'
     1>c:\users\roa\proyecto graficas\proyecto3\plantillaopengl01\main.cpp(149): warning C4305: '+=' : truncamiento de 'double' a 'float'
     1>c:\users\roa\proyecto graficas\proyecto3\plantillaopengl01\main.cpp(150): warning C4305: '-=' : truncamiento de 'double' a 'float'
     1>c:\users\roa\proyecto graficas\proyecto3\plantillaopengl01\main.cpp(151): warning C4305: '+=' : truncamiento de 'double' a 'float'
     1>c:\users\roa\proyecto graficas\proyecto3\plantillaopengl01\main.cpp(152): warning C4305: '-=' : truncamiento de 'double' a 'float'
     1>c:\users\roa\proyecto graficas\proyecto3\plantillaopengl01\main.cpp(153): warning C4305: '+=' : truncamiento de 'double' a 'float'
     1>c:\users\roa\proyecto graficas\proyecto3\plantillaopengl01\main.cpp(171): warning C4305: 'inicializando' : truncamiento de 'double' a 'GLfloat'
     1>c:\users\roa\proyecto graficas\proyecto3\plantillaopengl01\main.cpp(172): warning C4305: 'inicializando' : truncamiento de 'double' a 'GLfloat'
     1>c:\users\roa\proyecto graficas\proyecto3\plantillaopengl01\main.cpp(180): warning C4305: 'inicializando' : truncamiento de 'double' a 'GLfloat'
     1>c:\users\roa\proyecto graficas\proyecto3\plantillaopengl01\main.cpp(181): warning C4305: 'inicializando' : truncamiento de 'double' a 'GLfloat'
     1>c:\users\roa\proyecto graficas\proyecto3\plantillaopengl01\main.cpp(182): warning C4305: 'inicializando' : truncamiento de 'double' a 'GLfloat'
     1>c:\users\roa\proyecto graficas\proyecto3\plantillaopengl01\main.cpp(197): warning C4305: 'argumento' : truncamiento de 'double' a 'GLfloat'
     1>c:\users\roa\proyecto graficas\proyecto3\plantillaopengl01\main.cpp(200): warning C4244: '=' : conversión de 'double' a 'int'; posible pérdida de datos
     1>c:\users\roa\proyecto graficas\proyecto3\plantillaopengl01\main.cpp(202): warning C4244: '=' : conversión de 'double' a 'GLfloat'; posible pérdida de datos
     1>c:\users\roa\proyecto graficas\proyecto3\plantillaopengl01\main.cpp(207): warning C4244: '=' : conversión de 'double' a 'int'; posible pérdida de datos
     1>c:\users\roa\proyecto graficas\proyecto3\plantillaopengl01\main.cpp(209): warning C4244: '=' : conversión de 'double' a 'GLfloat'; posible pérdida de datos
     1>c:\users\roa\proyecto graficas\proyecto3\plantillaopengl01\main.cpp(261): warning C4305: '+=' : truncamiento de 'double' a 'float'
       Link:
         C:\Program Files (x86)\Microsoft Visual Studio 11.0\VC\bin\link.exe /ERRORREPORT:PROMPT /OUT:"C:\Users\Roa\Proyecto Graficas\Proyecto3\Debug\PlantillaOpenGL01.exe" /INCREMENTAL /NOLOGO /LIBPATH:"C:\Program Files (x86)\Windows Kits\8.1\Lib\winv6.3\um\x86" /LIBPATH:C:\dev\opengl\freeglut\lib /LIBPATH:"C:\dev\opengl\glew-1.7.0\lib" glew32.lib freeglut.lib kernel32.lib user32.lib gdi32.lib winspool.lib comdlg32.lib advapi32.lib shell32.lib ole32.lib oleaut32.lib uuid.lib odbc32.lib odbccp32.lib /MANIFEST /MANIFESTUAC:"level='asInvoker' uiAccess='false'" /manifest:embed /DEBUG /PDB:"C:\Users\Roa\Proyecto Graficas\Proyecto3\Debug\PlantillaOpenGL01.pdb" /SUBSYSTEM:CONSOLE /TLBID:1 /DYNAMICBASE /NXCOMPAT /IMPLIB:"C:\Users\Roa\Proyecto Graficas\Proyecto3\Debug\PlantillaOpenGL01.lib" /MACHINE:X86 Debug\main.obj
         PlantillaOpenGL01.vcxproj -> C:\Users\Roa\Proyecto Graficas\Proyecto3\Debug\PlantillaOpenGL01.exe
     1>Done Building Project "C:\Users\Roa\Proyecto Graficas\Proyecto3\PlantillaOpenGL01\PlantillaOpenGL01.vcxproj" (Build target(s)).

Build succeeded.

Time Elapsed 00:00:02.38
